Making clean in docs
make[1]: Entering directory `/home/peterglen/pgsrc/hsenc/hsenc-018/docs'
rm -f hsencfs.aux hsencfs.cp hsencfs.cps hsencfs.fn hsencfs.fns hsencfs.ky \
  hsencfs.log hsencfs.pg hsencfs.pgs hsencfs.tmp hsencfs.toc \
  hsencfs.tp hsencfs.tps hsencfs.vr hsencfs.vrs hsencfs.dvi \
  hsencfs.pdf hsencfs.ps
make[1]: Leaving directory `/home/peterglen/pgsrc/hsenc/hsenc-018/docs'
Making clean in tools
make[1]: Entering directory `/home/peterglen/pgsrc/hsenc/hsenc-018/tools'
test -z "bpdec2 bpenc2" || rm -f bpdec2 bpenc2
rm -f *.o core *.core
make[1]: Leaving directory `/home/peterglen/pgsrc/hsenc/hsenc-018/tools'
Making clean in bluepoint
make[1]: Entering directory `/home/peterglen/pgsrc/hsenc/hsenc-018/bluepoint'
test -z "test_blue2 block_blue2" || rm -f test_blue2 block_blue2
rm -f *.o core *.core
make[1]: Leaving directory `/home/peterglen/pgsrc/hsenc/hsenc-018/bluepoint'
Making clean in .
make[1]: Entering directory `/home/peterglen/pgsrc/hsenc/hsenc-018'
test -z "hsencfs hsaskpass" || rm -f hsencfs hsaskpass
rm -f *.o core *.core
make[1]: Leaving directory `/home/peterglen/pgsrc/hsenc/hsenc-018'
