checking for a BSD-compatible install... /usr/bin/install -c
checking whether build environment is sane... yes
checking for gawk... gawk
checking whether make sets $(MAKE)... yes
checking for gawk... (cached) gawk
checking for gcc... gcc
checking whether the C compiler works... yes
checking for C compiler default output file name... a.out
checking for suffix of executables... 
checking whether we are cross compiling... no
checking for suffix of object files... o
checking whether we are using the GNU C compiler... yes
checking whether gcc accepts -g... yes
checking for gcc option to accept ISO C89... none needed
checking for style of include used by make... GNU
checking dependency style of gcc... gcc3
checking whether make sets $(MAKE)... (cached) yes
checking how to run the C preprocessor... gcc -E
checking for grep that handles long lines and -e... /bin/grep
checking for egrep... /bin/grep -E
checking for ANSI C header files... yes
checking for sys/types.h... yes
checking for sys/stat.h... yes
checking for stdlib.h... yes
checking for string.h... yes
checking for memory.h... yes
checking for strings.h... yes
checking for inttypes.h... yes
checking for stdint.h... yes
checking for unistd.h... yes
checking fuse.h usability... yes
checking fuse.h presence... yes
checking for fuse.h... yes
checking for fuse_new in -lfuse_ino64... no
checking for fuse_new in -lfuse... yes
checking for fuse_main in -lfuse... yes
checking for main in -lulockmgr... yes
checking fcntl.h usability... yes
checking fcntl.h presence... yes
checking for fcntl.h... yes
checking limits.h usability... yes
checking limits.h presence... yes
checking for limits.h... yes
checking for stdlib.h... (cached) yes
checking for string.h... (cached) yes
checking sys/time.h usability... yes
checking sys/time.h presence... yes
checking for sys/time.h... yes
checking syslog.h usability... yes
checking syslog.h presence... yes
checking for syslog.h... yes
checking for unistd.h... (cached) yes
checking for uid_t in sys/types.h... yes
checking for inline... inline
checking for mode_t... yes
checking for off_t... yes
checking for pid_t... yes
checking for size_t... yes
checking for ssize_t... yes
checking for struct stat.st_blksize... yes
checking for error_at_line... yes
checking vfork.h usability... no
checking vfork.h presence... no
checking for vfork.h... no
checking for fork... yes
checking for vfork... yes
checking for working fork... yes
checking for working vfork... (cached) yes
checking whether lstat correctly handles trailing slash... yes
checking for stdlib.h... (cached) yes
checking for GNU libc compatible malloc... yes
checking for clock_gettime... yes
checking for dup2... yes
checking for fdatasync... yes
checking for ftruncate... yes
checking for getcwd... yes
checking for getpass... yes
checking for lchown... yes
checking for memset... yes
checking for mkdir... yes
checking for mkfifo... yes
checking for rmdir... yes
checking for strstr... yes
checking for strtol... yes
configure: creating ./config.status
config.status: creating Makefile
config.status: creating bluepoint/Makefile
config.status: creating tools/Makefile
config.status: creating docs/Makefile
config.status: creating config.h
config.status: executing depfiles commands
