Making install in bluepoint
make[1]: Entering directory `/home/peterglen/pgsrc/hsenc/hsenc-017/bluepoint'
make[2]: Entering directory `/home/peterglen/pgsrc/hsenc/hsenc-017/bluepoint'
make[2]: Nothing to be done for `install-exec-am'.
make[2]: Nothing to be done for `install-data-am'.
make[2]: Leaving directory `/home/peterglen/pgsrc/hsenc/hsenc-017/bluepoint'
make[1]: Leaving directory `/home/peterglen/pgsrc/hsenc/hsenc-017/bluepoint'
Making install in tools
make[1]: Entering directory `/home/peterglen/pgsrc/hsenc/hsenc-017/tools'
make[2]: Entering directory `/home/peterglen/pgsrc/hsenc/hsenc-017/tools'
/bin/sh ../mkinstalldirs /usr/local/bin
  /usr/bin/install -c bpdec2 /usr/local/bin/bpdec2
  /usr/bin/install -c bpenc2 /usr/local/bin/bpenc2
make[2]: Nothing to be done for `install-data-am'.
make[2]: Leaving directory `/home/peterglen/pgsrc/hsenc/hsenc-017/tools'
make[1]: Leaving directory `/home/peterglen/pgsrc/hsenc/hsenc-017/tools'
Making install in docs
make[1]: Entering directory `/home/peterglen/pgsrc/hsenc/hsenc-017/docs'
make[2]: Entering directory `/home/peterglen/pgsrc/hsenc/hsenc-017/docs'
make[2]: Nothing to be done for `install-exec-am'.
/bin/sh ../mkinstalldirs /usr/local/share/info
 /usr/bin/install -c -m 644 ./hsencfs.info /usr/local/share/info/hsencfs.info
 install-info --info-dir=/usr/local/share/info /usr/local/share/info/hsencfs.info
/bin/sh ../mkinstalldirs /usr/local/share/man/man1
 /usr/bin/install -c -m 644 ./hsencfs.1 /usr/local/share/man/man1/hsencfs.1
make[2]: Leaving directory `/home/peterglen/pgsrc/hsenc/hsenc-017/docs'
make[1]: Leaving directory `/home/peterglen/pgsrc/hsenc/hsenc-017/docs'
make[1]: Entering directory `/home/peterglen/pgsrc/hsenc/hsenc-017'
make[2]: Entering directory `/home/peterglen/pgsrc/hsenc/hsenc-017'
/bin/sh ./mkinstalldirs /usr/local/bin
  /usr/bin/install -c hsencfs /usr/local/bin/hsencfs
  /usr/bin/install -c hsaskpass /usr/local/bin/hsaskpass
/bin/sh ./mkinstalldirs /usr/local/bin
 /usr/bin/install -c hsaskpass.py /usr/local/bin/hsaskpass.py
 /usr/bin/install -c hstray.py /usr/local/bin/hstray.py
top_builddir=.
dc_install_base=
dc_destdir=
DESTDIR=
bindir=/usr/local/bin
srcdir=.
prefix=/usr/local
/bin/sh ./mkinstalldirs -m 644 /usr/local/usr/lib/bonobo/servers
cat ./GNOME_HSENCApplet.server.in | \
        sed s%HSTRAY_BIN%/usr/local/bin/hstray.py% > /usr/lib/bonobo/servers/GNOME_HSENCApplet.server
/bin/sh ./mkinstalldirs /usr/local/share/doc/hsencfs
 /usr/bin/install -c -m 644 PASSES /usr/local/share/doc/hsencfs/PASSES
 /usr/bin/install -c -m 644 FUSEOPTS /usr/local/share/doc/hsencfs/FUSEOPTS
 /usr/bin/install -c -m 644 QUICKSTART /usr/local/share/doc/hsencfs/QUICKSTART
 /usr/bin/install -c -m 644 SECURITY /usr/local/share/doc/hsencfs/SECURITY
 /usr/bin/install -c -m 644 hsencfs.spec /usr/local/share/doc/hsencfs/hsencfs.spec
 /usr/bin/install -c -m 644 hsencfs.init /usr/local/share/doc/hsencfs/hsencfs.init
 /usr/bin/install -c -m 644 compall.sh /usr/local/share/doc/hsencfs/compall.sh
make[2]: Leaving directory `/home/peterglen/pgsrc/hsenc/hsenc-017'
make[1]: Leaving directory `/home/peterglen/pgsrc/hsenc/hsenc-017'
