This file contains any messages produced by compilers while
running configure, to aid debugging if configure makes a mistake.

It was created by hsencfs configure 1.5.0, which was
generated by GNU Autoconf 2.71.  Invocation command line was

  $ ./configure --no-create --no-recursion

## --------- ##
## Platform. ##
## --------- ##

hostname = dell007
uname -m = x86_64
uname -r = 6.14.8
uname -s = Linux
uname -v = #1 SMP PREEMPT_DYNAMIC Fri May 23 11:52:28 EDT 2025

/usr/bin/uname -p = x86_64
/bin/uname -X     = unknown

/bin/arch              = x86_64
/usr/bin/arch -k       = unknown
/usr/convex/getsysinfo = unknown
/usr/bin/hostinfo      = unknown
/bin/machine           = unknown
/usr/bin/oslevel       = unknown
/bin/universe          = unknown

PATH: /home/peterglen/.local/share/pnpm/
PATH: /usr/local/go/bin/
PATH: /home/peterglen/.cargo/bin/
PATH: /usr/local/bin/
PATH: /home/peterglen/pgbin/
PATH: /home/peterglen/.local/bin/
PATH: /bin/
PATH: /usr/bin/
PATH: /sbin/
PATH: /usr/sbin/


## ----------- ##
## Core tests. ##
## ----------- ##

configure:2219: looking for aux files: compile missing install-sh
configure:2232:  trying ./
configure:2232:  trying ./../
configure:2261:   ./../compile found
configure:2261:   ./../missing found
configure:2243:   ./../install-sh found
configure:2390: checking for a BSD-compatible install
configure:2463: result: /bin/install -c
configure:2474: checking whether build environment is sane
configure:2529: result: yes
configure:2688: checking for a race-free mkdir -p
configure:2732: result: /bin/mkdir -p
configure:2739: checking for gawk
configure:2760: found /usr/bin/gawk
configure:2771: result: gawk
configure:2782: checking whether make sets $(MAKE)
configure:2805: result: yes
configure:2835: checking whether make supports nested variables
configure:2853: result: yes
configure:3012: checking whether make supports the include directive
configure:3027: make -f confmf.GNU && cat confinc.out
make[1]: Entering directory '/home/peterglen/pgsrc/hsencfs/hsencfs/src'
make[1]: Leaving directory '/home/peterglen/pgsrc/hsencfs/hsencfs/src'
this is the am__doit target
configure:3030: $? = 0
configure:3049: result: yes (GNU style)
configure:3125: checking for gcc
configure:3146: found /usr/bin/gcc
configure:3157: result: gcc
configure:3510: checking for C compiler version
configure:3519: gcc --version >&5
gcc (Ubuntu 12.3.0-1ubuntu1~22.04) 12.3.0
Copyright (C) 2022 Free Software Foundation, Inc.
This is free software; see the source for copying conditions.  There is NO
warranty; not even for MERCHANTABILITY or FITNESS FOR A PARTICULAR PURPOSE.

configure:3530: $? = 0
configure:3519: gcc -v >&5
Using built-in specs.
COLLECT_GCC=gcc
COLLECT_LTO_WRAPPER=/usr/lib/gcc/x86_64-linux-gnu/12/lto-wrapper
OFFLOAD_TARGET_NAMES=nvptx-none:amdgcn-amdhsa
OFFLOAD_TARGET_DEFAULT=1
Target: x86_64-linux-gnu
Configured with: ../src/configure -v --with-pkgversion='Ubuntu 12.3.0-1ubuntu1~22.04' --with-bugurl=file:///usr/share/doc/gcc-12/README.Bugs --enable-languages=c,ada,c++,go,d,fortran,objc,obj-c++,m2 --prefix=/usr --with-gcc-major-version-only --program-suffix=-12 --program-prefix=x86_64-linux-gnu- --enable-shared --enable-linker-build-id --libexecdir=/usr/lib --without-included-gettext --enable-threads=posix --libdir=/usr/lib --enable-nls --enable-clocale=gnu --enable-libstdcxx-debug --enable-libstdcxx-time=yes --with-default-libstdcxx-abi=new --enable-gnu-unique-object --disable-vtable-verify --enable-plugin --enable-default-pie --with-system-zlib --enable-libphobos-checking=release --with-target-system-zlib=auto --enable-objc-gc=auto --enable-multiarch --disable-werror --enable-cet --with-arch-32=i686 --with-abi=m64 --with-multilib-list=m32,m64,mx32 --enable-multilib --with-tune=generic --enable-offload-targets=nvptx-none=/build/gcc-12-ALHxjy/gcc-12-12.3.0/debian/tmp-nvptx/usr,amdgcn-amdhsa=/build/gcc-12-ALHxjy/gcc-12-12.3.0/debian/tmp-gcn/usr --enable-offload-defaulted --without-cuda-driver --enable-checking=release --build=x86_64-linux-gnu --host=x86_64-linux-gnu --target=x86_64-linux-gnu
Thread model: posix
Supported LTO compression algorithms: zlib zstd
gcc version 12.3.0 (Ubuntu 12.3.0-1ubuntu1~22.04) 
... rest of stderr output deleted ...
configure:3530: $? = 0
configure:3519: gcc -V >&5
gcc: error: unrecognized command-line option '-V'
gcc: fatal error: no input files
compilation terminated.
configure:3530: $? = 1
configure:3519: gcc -qversion >&5
gcc: error: unrecognized command-line option '-qversion'; did you mean '--version'?
gcc: fatal error: no input files
compilation terminated.
configure:3530: $? = 1
configure:3519: gcc -version >&5
gcc: error: unrecognized command-line option '-version'
gcc: fatal error: no input files
compilation terminated.
configure:3530: $? = 1
configure:3550: checking whether the C compiler works
configure:3572: gcc    -D_FILE_OFFSET_BITS=64 -DFUSE_USE_VERSION=33 -I/usr/include/fuse3 -D__STDC_FORMAT_MACROS    conftest.c  >&5
configure:3576: $? = 0
configure:3626: result: yes
configure:3629: checking for C compiler default output file name
configure:3631: result: a.out
configure:3637: checking for suffix of executables
configure:3644: gcc -o conftest    -D_FILE_OFFSET_BITS=64 -DFUSE_USE_VERSION=33 -I/usr/include/fuse3 -D__STDC_FORMAT_MACROS    conftest.c  >&5
configure:3648: $? = 0
configure:3671: result: 
configure:3693: checking whether we are cross compiling
configure:3701: gcc -o conftest    -D_FILE_OFFSET_BITS=64 -DFUSE_USE_VERSION=33 -I/usr/include/fuse3 -D__STDC_FORMAT_MACROS    conftest.c  >&5
configure:3705: $? = 0
configure:3712: ./conftest
configure:3716: $? = 0
configure:3731: result: no
configure:3736: checking for suffix of object files
configure:3759: gcc -c    -D_FILE_OFFSET_BITS=64 -DFUSE_USE_VERSION=33 -I/usr/include/fuse3 -D__STDC_FORMAT_MACROS conftest.c >&5
configure:3763: $? = 0
configure:3785: result: o
configure:3789: checking whether the compiler supports GNU C
configure:3809: gcc -c    -D_FILE_OFFSET_BITS=64 -DFUSE_USE_VERSION=33 -I/usr/include/fuse3 -D__STDC_FORMAT_MACROS conftest.c >&5
configure:3809: $? = 0
configure:3819: result: yes
configure:3830: checking whether gcc accepts -g
configure:3851: gcc -c -g   -D_FILE_OFFSET_BITS=64 -DFUSE_USE_VERSION=33 -I/usr/include/fuse3 -D__STDC_FORMAT_MACROS conftest.c >&5
configure:3851: $? = 0
configure:3895: result: yes
configure:3915: checking for gcc option to enable C11 features
configure:3930: gcc  -c -g -O2   -D_FILE_OFFSET_BITS=64 -DFUSE_USE_VERSION=33 -I/usr/include/fuse3 -D__STDC_FORMAT_MACROS conftest.c >&5
configure:3930: $? = 0
configure:3948: result: none needed
configure:4064: checking whether gcc understands -c and -o together
configure:4087: gcc -c conftest.c -o conftest2.o
configure:4090: $? = 0
configure:4087: gcc -c conftest.c -o conftest2.o
configure:4090: $? = 0
configure:4102: result: yes
configure:4121: checking dependency style of gcc
configure:4233: result: gcc3
configure:4249: checking for fuse_new in -lfuse_ino64
configure:4272: gcc -o conftest -g -O2   -D_FILE_OFFSET_BITS=64 -DFUSE_USE_VERSION=33 -I/usr/include/fuse3 -D__STDC_FORMAT_MACROS    conftest.c -lfuse_ino64   >&5
/usr/bin/ld: cannot find -lfuse_ino64: No such file or directory
collect2: error: ld returned 1 exit status
configure:4272: $? = 1
configure: failed program was:
| /* confdefs.h */
| #define PACKAGE_NAME "hsencfs"
| #define PACKAGE_TARNAME "hsencfs"
| #define PACKAGE_VERSION "1.5.0"
| #define PACKAGE_STRING "hsencfs 1.5.0"
| #define PACKAGE_BUGREPORT "peterglen99@gmail.com"
| #define PACKAGE_URL ""
| #define PACKAGE "hsencfs"
| #define VERSION "1.5.0"
| /* end confdefs.h.  */
| 
| /* Override any GCC internal prototype to avoid an error.
|    Use char because int might match the return type of a GCC
|    builtin and then its argument prototype would still apply.  */
| char fuse_new ();
| int
| main (void)
| {
| return fuse_new ();
|   ;
|   return 0;
| }
configure:4282: result: no
configure:4288: checking for fuse_new in -lfuse3
configure:4311: gcc -o conftest -g -O2   -D_FILE_OFFSET_BITS=64 -DFUSE_USE_VERSION=33 -I/usr/include/fuse3 -D__STDC_FORMAT_MACROS    conftest.c -lfuse3   >&5
configure:4311: $? = 0
configure:4321: result: yes
configure:4341: checking for stdio.h
configure:4341: gcc -c -g -O2   -D_FILE_OFFSET_BITS=64 -DFUSE_USE_VERSION=33 -I/usr/include/fuse3 -D__STDC_FORMAT_MACROS conftest.c >&5
configure:4341: $? = 0
configure:4341: result: yes
configure:4341: checking for stdlib.h
configure:4341: gcc -c -g -O2   -D_FILE_OFFSET_BITS=64 -DFUSE_USE_VERSION=33 -I/usr/include/fuse3 -D__STDC_FORMAT_MACROS conftest.c >&5
configure:4341: $? = 0
configure:4341: result: yes
configure:4341: checking for string.h
configure:4341: gcc -c -g -O2   -D_FILE_OFFSET_BITS=64 -DFUSE_USE_VERSION=33 -I/usr/include/fuse3 -D__STDC_FORMAT_MACROS conftest.c >&5
configure:4341: $? = 0
configure:4341: result: yes
configure:4341: checking for inttypes.h
configure:4341: gcc -c -g -O2   -D_FILE_OFFSET_BITS=64 -DFUSE_USE_VERSION=33 -I/usr/include/fuse3 -D__STDC_FORMAT_MACROS conftest.c >&5
configure:4341: $? = 0
configure:4341: result: yes
configure:4341: checking for stdint.h
configure:4341: gcc -c -g -O2   -D_FILE_OFFSET_BITS=64 -DFUSE_USE_VERSION=33 -I/usr/include/fuse3 -D__STDC_FORMAT_MACROS conftest.c >&5
configure:4341: $? = 0
configure:4341: result: yes
configure:4341: checking for strings.h
configure:4341: gcc -c -g -O2   -D_FILE_OFFSET_BITS=64 -DFUSE_USE_VERSION=33 -I/usr/include/fuse3 -D__STDC_FORMAT_MACROS conftest.c >&5
configure:4341: $? = 0
configure:4341: result: yes
configure:4341: checking for sys/stat.h
configure:4341: gcc -c -g -O2   -D_FILE_OFFSET_BITS=64 -DFUSE_USE_VERSION=33 -I/usr/include/fuse3 -D__STDC_FORMAT_MACROS conftest.c >&5
configure:4341: $? = 0
configure:4341: result: yes
configure:4341: checking for sys/types.h
configure:4341: gcc -c -g -O2   -D_FILE_OFFSET_BITS=64 -DFUSE_USE_VERSION=33 -I/usr/include/fuse3 -D__STDC_FORMAT_MACROS conftest.c >&5
configure:4341: $? = 0
configure:4341: result: yes
configure:4341: checking for unistd.h
configure:4341: gcc -c -g -O2   -D_FILE_OFFSET_BITS=64 -DFUSE_USE_VERSION=33 -I/usr/include/fuse3 -D__STDC_FORMAT_MACROS conftest.c >&5
configure:4341: $? = 0
configure:4341: result: yes
configure:4366: checking for fuse.h
configure:4366: gcc -c -g -O2   -D_FILE_OFFSET_BITS=64 -DFUSE_USE_VERSION=33 -I/usr/include/fuse3 -D__STDC_FORMAT_MACROS conftest.c >&5
configure:4366: $? = 0
configure:4366: result: yes
configure:4381: checking for main in -lulockmgr
configure:4401: gcc -o conftest -g -O2   -D_FILE_OFFSET_BITS=64 -DFUSE_USE_VERSION=33 -I/usr/include/fuse3 -D__STDC_FORMAT_MACROS    conftest.c -lulockmgr   >&5
configure:4401: $? = 0
configure:4411: result: yes
configure:4476: checking for gcc
configure:4508: result: gcc
configure:4861: checking for C compiler version
configure:4870: gcc --version >&5
gcc (Ubuntu 12.3.0-1ubuntu1~22.04) 12.3.0
Copyright (C) 2022 Free Software Foundation, Inc.
This is free software; see the source for copying conditions.  There is NO
warranty; not even for MERCHANTABILITY or FITNESS FOR A PARTICULAR PURPOSE.

configure:4881: $? = 0
configure:4870: gcc -v >&5
Using built-in specs.
COLLECT_GCC=gcc
COLLECT_LTO_WRAPPER=/usr/lib/gcc/x86_64-linux-gnu/12/lto-wrapper
OFFLOAD_TARGET_NAMES=nvptx-none:amdgcn-amdhsa
OFFLOAD_TARGET_DEFAULT=1
Target: x86_64-linux-gnu
Configured with: ../src/configure -v --with-pkgversion='Ubuntu 12.3.0-1ubuntu1~22.04' --with-bugurl=file:///usr/share/doc/gcc-12/README.Bugs --enable-languages=c,ada,c++,go,d,fortran,objc,obj-c++,m2 --prefix=/usr --with-gcc-major-version-only --program-suffix=-12 --program-prefix=x86_64-linux-gnu- --enable-shared --enable-linker-build-id --libexecdir=/usr/lib --without-included-gettext --enable-threads=posix --libdir=/usr/lib --enable-nls --enable-clocale=gnu --enable-libstdcxx-debug --enable-libstdcxx-time=yes --with-default-libstdcxx-abi=new --enable-gnu-unique-object --disable-vtable-verify --enable-plugin --enable-default-pie --with-system-zlib --enable-libphobos-checking=release --with-target-system-zlib=auto --enable-objc-gc=auto --enable-multiarch --disable-werror --enable-cet --with-arch-32=i686 --with-abi=m64 --with-multilib-list=m32,m64,mx32 --enable-multilib --with-tune=generic --enable-offload-targets=nvptx-none=/build/gcc-12-ALHxjy/gcc-12-12.3.0/debian/tmp-nvptx/usr,amdgcn-amdhsa=/build/gcc-12-ALHxjy/gcc-12-12.3.0/debian/tmp-gcn/usr --enable-offload-defaulted --without-cuda-driver --enable-checking=release --build=x86_64-linux-gnu --host=x86_64-linux-gnu --target=x86_64-linux-gnu
Thread model: posix
Supported LTO compression algorithms: zlib zstd
gcc version 12.3.0 (Ubuntu 12.3.0-1ubuntu1~22.04) 
... rest of stderr output deleted ...
configure:4881: $? = 0
configure:4870: gcc -V >&5
gcc: error: unrecognized command-line option '-V'
gcc: fatal error: no input files
compilation terminated.
configure:4881: $? = 1
configure:4870: gcc -qversion >&5
gcc: error: unrecognized command-line option '-qversion'; did you mean '--version'?
gcc: fatal error: no input files
compilation terminated.
configure:4881: $? = 1
configure:4870: gcc -version >&5
gcc: error: unrecognized command-line option '-version'
gcc: fatal error: no input files
compilation terminated.
configure:4881: $? = 1
configure:4885: checking whether the compiler supports GNU C
configure:4915: result: yes
configure:4926: checking whether gcc accepts -g
configure:4991: result: yes
configure:5011: checking for gcc option to enable C11 features
configure:5044: result: none needed
configure:5160: checking whether gcc understands -c and -o together
configure:5198: result: yes
configure:5217: checking dependency style of gcc
configure:5329: result: gcc3
configure:5483: checking that generated files are newer than configure
configure:5489: result: done
configure:5516: creating ./config.status

## ---------------- ##
## Cache variables. ##
## ---------------- ##

ac_cv_c_compiler_gnu=yes
ac_cv_env_CC_set=
ac_cv_env_CC_value=
ac_cv_env_CFLAGS_set=
ac_cv_env_CFLAGS_value=
ac_cv_env_CPPFLAGS_set=
ac_cv_env_CPPFLAGS_value=
ac_cv_env_LDFLAGS_set=
ac_cv_env_LDFLAGS_value=
ac_cv_env_LIBS_set=
ac_cv_env_LIBS_value=
ac_cv_env_build_alias_set=
ac_cv_env_build_alias_value=
ac_cv_env_host_alias_set=
ac_cv_env_host_alias_value=
ac_cv_env_target_alias_set=
ac_cv_env_target_alias_value=
ac_cv_header_fuse_h=yes
ac_cv_header_inttypes_h=yes
ac_cv_header_stdint_h=yes
ac_cv_header_stdio_h=yes
ac_cv_header_stdlib_h=yes
ac_cv_header_string_h=yes
ac_cv_header_strings_h=yes
ac_cv_header_sys_stat_h=yes
ac_cv_header_sys_types_h=yes
ac_cv_header_unistd_h=yes
ac_cv_lib_fuse3_fuse_new=yes
ac_cv_lib_fuse_ino64_fuse_new=no
ac_cv_lib_ulockmgr_main=yes
ac_cv_objext=o
ac_cv_path_install='/bin/install -c'
ac_cv_path_mkdir=/bin/mkdir
ac_cv_prog_AWK=gawk
ac_cv_prog_ac_ct_CC=gcc
ac_cv_prog_cc_c11=
ac_cv_prog_cc_g=yes
ac_cv_prog_cc_stdc=
ac_cv_prog_make_make_set=yes
am_cv_CC_dependencies_compiler_type=gcc3
am_cv_make_support_nested_variables=yes
am_cv_prog_cc_c_o=yes

## ----------------- ##
## Output variables. ##
## ----------------- ##

ACLOCAL='${SHELL} '\''/home/peterglen/pgsrc/hsencfs/hsencfs/missing'\'' aclocal-1.16'
AMDEPBACKSLASH='\'
AMDEP_FALSE='#'
AMDEP_TRUE=''
AMTAR='$${TAR-tar}'
AM_BACKSLASH='\'
AM_DEFAULT_V='$(AM_DEFAULT_VERBOSITY)'
AM_DEFAULT_VERBOSITY='1'
AM_V='$(V)'
AUTOCONF='${SHELL} '\''/home/peterglen/pgsrc/hsencfs/hsencfs/missing'\'' autoconf'
AUTOHEADER='${SHELL} '\''/home/peterglen/pgsrc/hsencfs/hsencfs/missing'\'' autoheader'
AUTOMAKE='${SHELL} '\''/home/peterglen/pgsrc/hsencfs/hsencfs/missing'\'' automake-1.16'
AWK='gawk'
CC='gcc'
CCDEPMODE='depmode=gcc3'
CFLAGS='-g -O2'
CPPFLAGS='  -D_FILE_OFFSET_BITS=64 -DFUSE_USE_VERSION=33 -I/usr/include/fuse3 -D__STDC_FORMAT_MACROS'
CSCOPE='cscope'
CTAGS='ctags'
CYGPATH_W='echo'
DEFS='-DPACKAGE_NAME=\"hsencfs\" -DPACKAGE_TARNAME=\"hsencfs\" -DPACKAGE_VERSION=\"1.5.0\" -DPACKAGE_STRING=\"hsencfs\ 1.5.0\" -DPACKAGE_BUGREPORT=\"peterglen99@gmail.com\" -DPACKAGE_URL=\"\" -DPACKAGE=\"hsencfs\" -DVERSION=\"1.5.0\" -DHAVE_STDIO_H=1 -DHAVE_STDLIB_H=1 -DHAVE_STRING_H=1 -DHAVE_INTTYPES_H=1 -DHAVE_STDINT_H=1 -DHAVE_STRINGS_H=1 -DHAVE_SYS_STAT_H=1 -DHAVE_SYS_TYPES_H=1 -DHAVE_UNISTD_H=1 -DSTDC_HEADERS=1 -DHAVE_LIBULOCKMGR=1'
DEPDIR='.deps'
ECHO_C=''
ECHO_N='-n'
ECHO_T=''
ETAGS='etags'
EXEEXT=''
INSTALL_DATA='${INSTALL} -m 644'
INSTALL_PROGRAM='${INSTALL}'
INSTALL_SCRIPT='${INSTALL}'
INSTALL_STRIP_PROGRAM='$(install_sh) -c -s'
LDFLAGS='  '
LIBOBJS=''
LIBS='-lulockmgr '
LTLIBOBJS=''
MAKEINFO='${SHELL} '\''/home/peterglen/pgsrc/hsencfs/hsencfs/missing'\'' makeinfo'
MKDIR_P='/bin/mkdir -p'
OBJEXT='o'
PACKAGE='hsencfs'
PACKAGE_BUGREPORT='peterglen99@gmail.com'
PACKAGE_NAME='hsencfs'
PACKAGE_STRING='hsencfs 1.5.0'
PACKAGE_TARNAME='hsencfs'
PACKAGE_URL=''
PACKAGE_VERSION='1.5.0'
PATH_SEPARATOR=':'
SET_MAKE=''
SHELL='/bin/bash'
STRIP=''
VERSION='1.5.0'
ac_ct_CC='gcc'
am__EXEEXT_FALSE=''
am__EXEEXT_TRUE='#'
am__fastdepCC_FALSE='#'
am__fastdepCC_TRUE=''
am__include='include'
am__isrc=''
am__leading_dot='.'
am__nodep='_no'
am__quote=''
am__tar='$${TAR-tar} chof - "$$tardir"'
am__untar='$${TAR-tar} xf -'
bindir='${exec_prefix}/bin'
build_alias=''
datadir='${datarootdir}'
datarootdir='${prefix}/share'
docdir='${datarootdir}/doc/${PACKAGE_TARNAME}'
dvidir='${docdir}'
exec_prefix='${prefix}'
host_alias=''
htmldir='${docdir}'
includedir='${prefix}/include'
infodir='${datarootdir}/info'
install_sh='${SHELL} /home/peterglen/pgsrc/hsencfs/hsencfs/install-sh'
libdir='${exec_prefix}/lib'
libexecdir='${exec_prefix}/libexec'
localedir='${datarootdir}/locale'
localstatedir='${prefix}/var'
mandir='${datarootdir}/man'
mkdir_p='$(MKDIR_P)'
oldincludedir='/usr/include'
pdfdir='${docdir}'
prefix='/usr/local'
program_transform_name='s,x,x,'
psdir='${docdir}'
runstatedir='${localstatedir}/run'
sbindir='${exec_prefix}/sbin'
sharedstatedir='${prefix}/com'
sysconfdir='${prefix}/etc'
target_alias=''

## ----------- ##
## confdefs.h. ##
## ----------- ##

/* confdefs.h */
#define PACKAGE_NAME "hsencfs"
#define PACKAGE_TARNAME "hsencfs"
#define PACKAGE_VERSION "1.5.0"
#define PACKAGE_STRING "hsencfs 1.5.0"
#define PACKAGE_BUGREPORT "peterglen99@gmail.com"
#define PACKAGE_URL ""
#define PACKAGE "hsencfs"
#define VERSION "1.5.0"
#define HAVE_STDIO_H 1
#define HAVE_STDLIB_H 1
#define HAVE_STRING_H 1
#define HAVE_INTTYPES_H 1
#define HAVE_STDINT_H 1
#define HAVE_STRINGS_H 1
#define HAVE_SYS_STAT_H 1
#define HAVE_SYS_TYPES_H 1
#define HAVE_UNISTD_H 1
#define STDC_HEADERS 1
#define HAVE_LIBULOCKMGR 1

configure: exit 0

## ---------------------- ##
## Running config.status. ##
## ---------------------- ##

This file was extended by hsencfs config.status 1.5.0, which was
generated by GNU Autoconf 2.71.  Invocation command line was

  CONFIG_FILES    = 
  CONFIG_HEADERS  = 
  CONFIG_LINKS    = 
  CONFIG_COMMANDS = 
  $ ./config.status 

on dell007

config.status:770: creating Makefile
config.status:942: executing depfiles commands
config.status:1019: cd .       && sed -e '/# am--include-marker/d' Makefile         | make -f - am--depfiles
make[1]: Entering directory '/home/peterglen/pgsrc/hsencfs/hsencfs/src'
make[1]: Nothing to be done for 'am--depfiles'.
make[1]: Leaving directory '/home/peterglen/pgsrc/hsencfs/hsencfs/src'
config.status:1024: $? = 0
