This file contains any messages produced by compilers while
running configure, to aid debugging if configure makes a mistake.

It was created by hsencfs configure 1.20, which was
generated by GNU Autoconf 2.71.  Invocation command line was

  $ ./configure

## --------- ##
## Platform. ##
## --------- ##

hostname = dell007
uname -m = x86_64
uname -r = 6.14.8
uname -s = Linux
uname -v = #1 SMP PREEMPT_DYNAMIC Fri May 23 11:52:28 EDT 2025

/usr/bin/uname -p = x86_64
/bin/uname -X     = unknown

/bin/arch              = x86_64
/usr/bin/arch -k       = unknown
/usr/convex/getsysinfo = unknown
/usr/bin/hostinfo      = unknown
/bin/machine           = unknown
/usr/bin/oslevel       = unknown
/bin/universe          = unknown

PATH: /home/peterglen/.local/share/pnpm/
PATH: /usr/local/go/bin/
PATH: /home/peterglen/.cargo/bin/
PATH: /usr/local/bin/
PATH: /home/peterglen/pgbin/
PATH: /bin/
PATH: /usr/bin/
PATH: /sbin/
PATH: /usr/sbin/


## ----------- ##
## Core tests. ##
## ----------- ##

configure:1709: looking for aux files: missing install-sh
configure:1722:  trying ./
configure:1722:  trying ./../
configure:1751:   ./../missing found
configure:1733:   ./../install-sh found
configure:1880: checking for a BSD-compatible install
configure:1953: result: /bin/install -c
configure:1964: checking whether build environment is sane
configure:2019: result: yes
configure:2178: checking for a race-free mkdir -p
configure:2222: result: /bin/mkdir -p
configure:2229: checking for gawk
configure:2250: found /usr/bin/gawk
configure:2261: result: gawk
configure:2272: checking whether make sets $(MAKE)
configure:2295: result: yes
configure:2325: checking whether make supports nested variables
configure:2343: result: yes
configure:2618: checking that generated files are newer than configure
configure:2624: result: done
configure:2632: creating ./config.status

## ---------------------- ##
## Running config.status. ##
## ---------------------- ##

This file was extended by hsencfs config.status 1.20, which was
generated by GNU Autoconf 2.71.  Invocation command line was

  CONFIG_FILES    = 
  CONFIG_HEADERS  = 
  CONFIG_LINKS    = 
  CONFIG_COMMANDS = 
  $ ./config.status 

on dell007

config.status:739: creating Makefile

## ---------------- ##
## Cache variables. ##
## ---------------- ##

ac_cv_env_build_alias_set=
ac_cv_env_build_alias_value=
ac_cv_env_host_alias_set=
ac_cv_env_host_alias_value=
ac_cv_env_target_alias_set=
ac_cv_env_target_alias_value=
ac_cv_path_install='/bin/install -c'
ac_cv_path_mkdir=/bin/mkdir
ac_cv_prog_AWK=gawk
ac_cv_prog_make_make_set=yes
am_cv_make_support_nested_variables=yes

## ----------------- ##
## Output variables. ##
## ----------------- ##

ACLOCAL='${SHELL} '\''/home/peterglen/pgsrc/hsencfs/hsencfs/missing'\'' aclocal-1.16'
AMTAR='$${TAR-tar}'
AM_BACKSLASH='\'
AM_DEFAULT_V='$(AM_DEFAULT_VERBOSITY)'
AM_DEFAULT_VERBOSITY='1'
AM_V='$(V)'
AUTOCONF='${SHELL} '\''/home/peterglen/pgsrc/hsencfs/hsencfs/missing'\'' autoconf'
AUTOHEADER='${SHELL} '\''/home/peterglen/pgsrc/hsencfs/hsencfs/missing'\'' autoheader'
AUTOMAKE='${SHELL} '\''/home/peterglen/pgsrc/hsencfs/hsencfs/missing'\'' automake-1.16'
AWK='gawk'
CSCOPE='cscope'
CTAGS='ctags'
CYGPATH_W='echo'
DEFS='-DPACKAGE_NAME=\"hsencfs\" -DPACKAGE_TARNAME=\"hsencfs\" -DPACKAGE_VERSION=\"1.20\" -DPACKAGE_STRING=\"hsencfs\ 1.20\" -DPACKAGE_BUGREPORT=\"bugs@nohost.none\" -DPACKAGE_URL=\"\" -DPACKAGE=\"hsencfs\" -DVERSION=\"1.20\"'
ECHO_C=''
ECHO_N='-n'
ECHO_T=''
ETAGS='etags'
INSTALL_DATA='${INSTALL} -m 644'
INSTALL_PROGRAM='${INSTALL}'
INSTALL_SCRIPT='${INSTALL}'
INSTALL_STRIP_PROGRAM='$(install_sh) -c -s'
LIBOBJS=''
LIBS=''
LTLIBOBJS=''
MAKEINFO='${SHELL} '\''/home/peterglen/pgsrc/hsencfs/hsencfs/missing'\'' makeinfo'
MKDIR_P='/bin/mkdir -p'
PACKAGE='hsencfs'
PACKAGE_BUGREPORT='bugs@nohost.none'
PACKAGE_NAME='hsencfs'
PACKAGE_STRING='hsencfs 1.20'
PACKAGE_TARNAME='hsencfs'
PACKAGE_URL=''
PACKAGE_VERSION='1.20'
PATH_SEPARATOR=':'
SET_MAKE=''
SHELL='/bin/bash'
STRIP=''
VERSION='1.20'
am__isrc=''
am__leading_dot='.'
am__tar='$${TAR-tar} chof - "$$tardir"'
am__untar='$${TAR-tar} xf -'
bindir='${exec_prefix}/bin'
build_alias=''
datadir='${datarootdir}'
datarootdir='${prefix}/share'
docdir='${datarootdir}/doc/${PACKAGE_TARNAME}'
dvidir='${docdir}'
exec_prefix='${prefix}'
host_alias=''
htmldir='${docdir}'
includedir='${prefix}/include'
infodir='${datarootdir}/info'
install_sh='${SHELL} /home/peterglen/pgsrc/hsencfs/hsencfs/install-sh'
libdir='${exec_prefix}/lib'
libexecdir='${exec_prefix}/libexec'
localedir='${datarootdir}/locale'
localstatedir='${prefix}/var'
mandir='${datarootdir}/man'
mkdir_p='$(MKDIR_P)'
oldincludedir='/usr/include'
pdfdir='${docdir}'
prefix='/usr/local'
program_transform_name='s,x,x,'
psdir='${docdir}'
runstatedir='${localstatedir}/run'
sbindir='${exec_prefix}/sbin'
sharedstatedir='${prefix}/com'
sysconfdir='${prefix}/etc'
target_alias=''

## ----------- ##
## confdefs.h. ##
## ----------- ##

/* confdefs.h */
#define PACKAGE_NAME "hsencfs"
#define PACKAGE_TARNAME "hsencfs"
#define PACKAGE_VERSION "1.20"
#define PACKAGE_STRING "hsencfs 1.20"
#define PACKAGE_BUGREPORT "bugs@nohost.none"
#define PACKAGE_URL ""
#define PACKAGE "hsencfs"
#define VERSION "1.20"

configure: exit 0

## ---------------------- ##
## Running config.status. ##
## ---------------------- ##

This file was extended by hsencfs config.status 1.20, which was
generated by GNU Autoconf 2.71.  Invocation command line was

  CONFIG_FILES    = 
  CONFIG_HEADERS  = 
  CONFIG_LINKS    = 
  CONFIG_COMMANDS = 
  $ ./config.status Makefile

on dell007

config.status:739: creating Makefile

## ---------------------- ##
## Running config.status. ##
## ---------------------- ##

This file was extended by hsencfs config.status 1.20, which was
generated by GNU Autoconf 2.71.  Invocation command line was

  CONFIG_FILES    = 
  CONFIG_HEADERS  = 
  CONFIG_LINKS    = 
  CONFIG_COMMANDS = 
  $ ./config.status Makefile

on dell007

config.status:739: creating Makefile
