This file contains any messages produced by compilers while
running configure, to aid debugging if configure makes a mistake.

It was created by hsencfs configure 1.20, which was
generated by GNU Autoconf 2.69.  Invocation command line was

  $ ./configure --no-create --no-recursion

## --------- ##
## Platform. ##
## --------- ##

hostname = localhost.localdomain
uname -m = x86_64
uname -r = 5.2.11-200.fc30.x86_64
uname -s = Linux
uname -v = #1 SMP Thu Aug 29 12:43:20 UTC 2019

/usr/bin/uname -p = x86_64
/bin/uname -X     = unknown

/bin/arch              = x86_64
/usr/bin/arch -k       = unknown
/usr/convex/getsysinfo = unknown
/usr/bin/hostinfo      = unknown
/bin/machine           = unknown
/usr/bin/oslevel       = unknown
/bin/universe          = unknown

PATH: /home/peterglen/.local/bin
PATH: /home/peterglen/bin
PATH: /home/peterglen/.local/bin
PATH: /home/peterglen/bin
PATH: /usr/share/Modules/bin
PATH: /usr/lib64/ccache
PATH: /usr/local/bin
PATH: /usr/local/sbin
PATH: /usr/bin
PATH: /usr/sbin
PATH: /var/lib/snapd/snap/bin


## ----------- ##
## Core tests. ##
## ----------- ##

configure:2243: checking for gawk
configure:2259: found /usr/bin/gawk
configure:2270: result: gawk
configure:2329: checking for gcc
configure:2345: found /usr/lib64/ccache/gcc
configure:2356: result: gcc
configure:2585: checking for C compiler version
configure:2594: gcc --version >&5
gcc (GCC) 9.2.1 20190827 (Red Hat 9.2.1-1)
Copyright (C) 2019 Free Software Foundation, Inc.
This is free software; see the source for copying conditions.  There is NO
warranty; not even for MERCHANTABILITY or FITNESS FOR A PARTICULAR PURPOSE.

configure:2605: $? = 0
configure:2594: gcc -v >&5
Using built-in specs.
COLLECT_GCC=/usr/bin/gcc
COLLECT_LTO_WRAPPER=/usr/libexec/gcc/x86_64-redhat-linux/9/lto-wrapper
OFFLOAD_TARGET_NAMES=nvptx-none
OFFLOAD_TARGET_DEFAULT=1
Target: x86_64-redhat-linux
Configured with: ../configure --enable-bootstrap --enable-languages=c,c++,fortran,objc,obj-c++,ada,go,d,lto --prefix=/usr --mandir=/usr/share/man --infodir=/usr/share/info --with-bugurl=http://bugzilla.redhat.com/bugzilla --enable-shared --enable-threads=posix --enable-checking=release --enable-multilib --with-system-zlib --enable-__cxa_atexit --disable-libunwind-exceptions --enable-gnu-unique-object --enable-linker-build-id --with-gcc-major-version-only --with-linker-hash-style=gnu --enable-plugin --enable-initfini-array --with-isl --enable-offload-targets=nvptx-none --without-cuda-driver --enable-gnu-indirect-function --enable-cet --with-tune=generic --with-arch_32=i686 --build=x86_64-redhat-linux
Thread model: posix
gcc version 9.2.1 20190827 (Red Hat 9.2.1-1) (GCC) 
configure:2605: $? = 0
configure:2594: gcc -V >&5
gcc: error: unrecognized command line option '-V'
gcc: fatal error: no input files
compilation terminated.
configure:2605: $? = 1
configure:2594: gcc -qversion >&5
gcc: error: unrecognized command line option '-qversion'; did you mean '--version'?
gcc: fatal error: no input files
compilation terminated.
configure:2605: $? = 1
configure:2625: checking whether the C compiler works
configure:2647: gcc    conftest.c  >&5
configure:2651: $? = 0
configure:2699: result: yes
configure:2702: checking for C compiler default output file name
configure:2704: result: a.out
configure:2710: checking for suffix of executables
configure:2717: gcc -o conftest    conftest.c  >&5
configure:2721: $? = 0
configure:2743: result: 
configure:2765: checking whether we are cross compiling
configure:2773: gcc -o conftest    conftest.c  >&5
configure:2777: $? = 0
configure:2784: ./conftest
configure:2788: $? = 0
configure:2776: result: no
configure:2781: checking for suffix of object files
configure:2803: gcc -c   conftest.c >&5
configure:2807: $? = 0
configure:2828: result: o
configure:2832: checking whether we are using the GNU C compiler
configure:2851: gcc -c   conftest.c >&5
configure:2851: $? = 0
configure:2860: result: yes
configure:2869: checking whether gcc accepts -g
configure:2889: gcc -c -g  conftest.c >&5
configure:2889: $? = 0
configure:2930: result: yes
configure:2947: checking for gcc option to accept ISO C89
configure:3010: gcc  -c -g -O2  conftest.c >&5
configure:3010: $? = 0
configure:3023: result: none needed
configure:3043: checking whether make sets $(MAKE)
configure:3065: result: yes
configure:3086: checking how to run the C preprocessor
configure:3117: gcc -E   -D_FILE_OFFSET_BITS=64 -DFUSE_USE_VERSION=26 -D__STDC_FORMAT_MACROS conftest.c
configure:3117: $? = 0
configure:3131: gcc -E   -D_FILE_OFFSET_BITS=64 -DFUSE_USE_VERSION=26 -D__STDC_FORMAT_MACROS conftest.c
conftest.c:9:10: fatal error: ac_nonexistent.h: No such file or directory
    9 | #include <ac_nonexistent.h>
      |          ^~~~~~~~~~~~~~~~~~
compilation terminated.
configure:3131: $? = 1
configure: failed program was:
| /* confdefs.h */
| #define PACKAGE_NAME "hsencfs"
| #define PACKAGE_TARNAME "hsencfs"
| #define PACKAGE_VERSION "1.20"
| #define PACKAGE_STRING "hsencfs 1.20"
| #define PACKAGE_BUGREPORT "bugs@nohost.none"
| #define PACKAGE_URL ""
| /* end confdefs.h.  */
| #include <ac_nonexistent.h>
configure:3156: result: gcc -E
configure:3176: gcc -E   -D_FILE_OFFSET_BITS=64 -DFUSE_USE_VERSION=26 -D__STDC_FORMAT_MACROS conftest.c
configure:3176: $? = 0
configure:3190: gcc -E   -D_FILE_OFFSET_BITS=64 -DFUSE_USE_VERSION=26 -D__STDC_FORMAT_MACROS conftest.c
conftest.c:9:10: fatal error: ac_nonexistent.h: No such file or directory
    9 | #include <ac_nonexistent.h>
      |          ^~~~~~~~~~~~~~~~~~
compilation terminated.
configure:3190: $? = 1
configure: failed program was:
| /* confdefs.h */
| #define PACKAGE_NAME "hsencfs"
| #define PACKAGE_TARNAME "hsencfs"
| #define PACKAGE_VERSION "1.20"
| #define PACKAGE_STRING "hsencfs 1.20"
| #define PACKAGE_BUGREPORT "bugs@nohost.none"
| #define PACKAGE_URL ""
| /* end confdefs.h.  */
| #include <ac_nonexistent.h>
configure:3219: checking for grep that handles long lines and -e
configure:3277: result: /usr/bin/grep
configure:3282: checking for egrep
configure:3344: result: /usr/bin/grep -E
configure:3349: checking for ANSI C header files
configure:3369: gcc -c -g -O2   -D_FILE_OFFSET_BITS=64 -DFUSE_USE_VERSION=26 -D__STDC_FORMAT_MACROS conftest.c >&5
configure:3369: $? = 0
configure:3442: gcc -o conftest -g -O2   -D_FILE_OFFSET_BITS=64 -DFUSE_USE_VERSION=26 -D__STDC_FORMAT_MACROS    conftest.c  >&5
configure:3442: $? = 0
configure:3442: ./conftest
configure:3442: $? = 0
configure:3453: result: yes
configure:3466: checking for sys/types.h
configure:3466: gcc -c -g -O2   -D_FILE_OFFSET_BITS=64 -DFUSE_USE_VERSION=26 -D__STDC_FORMAT_MACROS conftest.c >&5
configure:3466: $? = 0
configure:3466: result: yes
configure:3466: checking for sys/stat.h
configure:3466: gcc -c -g -O2   -D_FILE_OFFSET_BITS=64 -DFUSE_USE_VERSION=26 -D__STDC_FORMAT_MACROS conftest.c >&5
configure:3466: $? = 0
configure:3466: result: yes
configure:3466: checking for stdlib.h
configure:3466: gcc -c -g -O2   -D_FILE_OFFSET_BITS=64 -DFUSE_USE_VERSION=26 -D__STDC_FORMAT_MACROS conftest.c >&5
configure:3466: $? = 0
configure:3466: result: yes
configure:3466: checking for string.h
configure:3466: gcc -c -g -O2   -D_FILE_OFFSET_BITS=64 -DFUSE_USE_VERSION=26 -D__STDC_FORMAT_MACROS conftest.c >&5
configure:3466: $? = 0
configure:3466: result: yes
configure:3466: checking for memory.h
configure:3466: gcc -c -g -O2   -D_FILE_OFFSET_BITS=64 -DFUSE_USE_VERSION=26 -D__STDC_FORMAT_MACROS conftest.c >&5
configure:3466: $? = 0
configure:3466: result: yes
configure:3466: checking for strings.h
configure:3466: gcc -c -g -O2   -D_FILE_OFFSET_BITS=64 -DFUSE_USE_VERSION=26 -D__STDC_FORMAT_MACROS conftest.c >&5
configure:3466: $? = 0
configure:3466: result: yes
configure:3466: checking for inttypes.h
configure:3466: gcc -c -g -O2   -D_FILE_OFFSET_BITS=64 -DFUSE_USE_VERSION=26 -D__STDC_FORMAT_MACROS conftest.c >&5
configure:3466: $? = 0
configure:3466: result: yes
configure:3466: checking for stdint.h
configure:3466: gcc -c -g -O2   -D_FILE_OFFSET_BITS=64 -DFUSE_USE_VERSION=26 -D__STDC_FORMAT_MACROS conftest.c >&5
configure:3466: $? = 0
configure:3466: result: yes
configure:3466: checking for unistd.h
configure:3466: gcc -c -g -O2   -D_FILE_OFFSET_BITS=64 -DFUSE_USE_VERSION=26 -D__STDC_FORMAT_MACROS conftest.c >&5
configure:3466: $? = 0
configure:3466: result: yes
configure:3478: checking fuse.h usability
configure:3478: gcc -c -g -O2   -D_FILE_OFFSET_BITS=64 -DFUSE_USE_VERSION=26 -D__STDC_FORMAT_MACROS conftest.c >&5
configure:3478: $? = 0
configure:3478: result: yes
configure:3478: checking fuse.h presence
configure:3478: gcc -E   -D_FILE_OFFSET_BITS=64 -DFUSE_USE_VERSION=26 -D__STDC_FORMAT_MACROS conftest.c
configure:3478: $? = 0
configure:3478: result: yes
configure:3478: checking for fuse.h
configure:3478: result: yes
configure:3490: checking for fuse_new in -lfuse_ino64
configure:3515: gcc -o conftest -g -O2   -D_FILE_OFFSET_BITS=64 -DFUSE_USE_VERSION=26 -D__STDC_FORMAT_MACROS    conftest.c -lfuse_ino64   >&5
/usr/bin/ld: cannot find -lfuse_ino64
collect2: error: ld returned 1 exit status
configure:3515: $? = 1
configure: failed program was:
| /* confdefs.h */
| #define PACKAGE_NAME "hsencfs"
| #define PACKAGE_TARNAME "hsencfs"
| #define PACKAGE_VERSION "1.20"
| #define PACKAGE_STRING "hsencfs 1.20"
| #define PACKAGE_BUGREPORT "bugs@nohost.none"
| #define PACKAGE_URL ""
| #define STDC_HEADERS 1
| #define HAVE_SYS_TYPES_H 1
| #define HAVE_SYS_STAT_H 1
| #define HAVE_STDLIB_H 1
| #define HAVE_STRING_H 1
| #define HAVE_MEMORY_H 1
| #define HAVE_STRINGS_H 1
| #define HAVE_INTTYPES_H 1
| #define HAVE_STDINT_H 1
| #define HAVE_UNISTD_H 1
| /* end confdefs.h.  */
| 
| /* Override any GCC internal prototype to avoid an error.
|    Use char because int might match the return type of a GCC
|    builtin and then its argument prototype would still apply.  */
| #ifdef __cplusplus
| extern "C"
| #endif
| char fuse_new ();
| int
| main ()
| {
| return fuse_new ();
|   ;
|   return 0;
| }
configure:3524: result: no
configure:3529: checking for fuse_new in -lfuse
configure:3554: gcc -o conftest -g -O2   -D_FILE_OFFSET_BITS=64 -DFUSE_USE_VERSION=26 -D__STDC_FORMAT_MACROS    conftest.c -lfuse   >&5
configure:3554: $? = 0
configure:3563: result: yes
configure:3579: checking for fuse_main in -lfuse
configure:3604: gcc -o conftest -g -O2   -D_FILE_OFFSET_BITS=64 -DFUSE_USE_VERSION=26 -D__STDC_FORMAT_MACROS    conftest.c -lfuse   >&5
configure:3604: $? = 0
configure:3613: result: yes
configure:3625: checking for main in -lulockmgr
configure:3644: gcc -o conftest -g -O2   -D_FILE_OFFSET_BITS=64 -DFUSE_USE_VERSION=26 -D__STDC_FORMAT_MACROS    conftest.c -lulockmgr  -lfuse  >&5
configure:3644: $? = 0
configure:3653: result: yes
configure:3669: checking fcntl.h usability
configure:3669: gcc -c -g -O2   -D_FILE_OFFSET_BITS=64 -DFUSE_USE_VERSION=26 -D__STDC_FORMAT_MACROS conftest.c >&5
configure:3669: $? = 0
configure:3669: result: yes
configure:3669: checking fcntl.h presence
configure:3669: gcc -E   -D_FILE_OFFSET_BITS=64 -DFUSE_USE_VERSION=26 -D__STDC_FORMAT_MACROS conftest.c
configure:3669: $? = 0
configure:3669: result: yes
configure:3669: checking for fcntl.h
configure:3669: result: yes
configure:3669: checking limits.h usability
configure:3669: gcc -c -g -O2   -D_FILE_OFFSET_BITS=64 -DFUSE_USE_VERSION=26 -D__STDC_FORMAT_MACROS conftest.c >&5
configure:3669: $? = 0
configure:3669: result: yes
configure:3669: checking limits.h presence
configure:3669: gcc -E   -D_FILE_OFFSET_BITS=64 -DFUSE_USE_VERSION=26 -D__STDC_FORMAT_MACROS conftest.c
configure:3669: $? = 0
configure:3669: result: yes
configure:3669: checking for limits.h
configure:3669: result: yes
configure:3669: checking for stdlib.h
configure:3669: result: yes
configure:3669: checking for string.h
configure:3669: result: yes
configure:3669: checking sys/time.h usability
configure:3669: gcc -c -g -O2   -D_FILE_OFFSET_BITS=64 -DFUSE_USE_VERSION=26 -D__STDC_FORMAT_MACROS conftest.c >&5
configure:3669: $? = 0
configure:3669: result: yes
configure:3669: checking sys/time.h presence
configure:3669: gcc -E   -D_FILE_OFFSET_BITS=64 -DFUSE_USE_VERSION=26 -D__STDC_FORMAT_MACROS conftest.c
configure:3669: $? = 0
configure:3669: result: yes
configure:3669: checking for sys/time.h
configure:3669: result: yes
configure:3669: checking syslog.h usability
configure:3669: gcc -c -g -O2   -D_FILE_OFFSET_BITS=64 -DFUSE_USE_VERSION=26 -D__STDC_FORMAT_MACROS conftest.c >&5
configure:3669: $? = 0
configure:3669: result: yes
configure:3669: checking syslog.h presence
configure:3669: gcc -E   -D_FILE_OFFSET_BITS=64 -DFUSE_USE_VERSION=26 -D__STDC_FORMAT_MACROS conftest.c
configure:3669: $? = 0
configure:3669: result: yes
configure:3669: checking for syslog.h
configure:3669: result: yes
configure:3669: checking for unistd.h
configure:3669: result: yes
configure:3687: checking for uid_t in sys/types.h
configure:3706: result: yes
configure:3717: checking for inline
configure:3733: gcc -c    -D_FILE_OFFSET_BITS=64 -DFUSE_USE_VERSION=26 -D__STDC_FORMAT_MACROS conftest.c >&5
configure:3733: $? = 0
configure:3741: result: inline
configure:3759: checking for mode_t
configure:3759: gcc -c    -D_FILE_OFFSET_BITS=64 -DFUSE_USE_VERSION=26 -D__STDC_FORMAT_MACROS conftest.c >&5
configure:3759: $? = 0
configure:3759: gcc -c    -D_FILE_OFFSET_BITS=64 -DFUSE_USE_VERSION=26 -D__STDC_FORMAT_MACROS conftest.c >&5
conftest.c: In function 'main':
conftest.c:64:21: error: expected expression before ')' token
   64 | if (sizeof ((mode_t)))
      |                     ^
configure:3759: $? = 1
configure: failed program was:
| /* confdefs.h */
| #define PACKAGE_NAME "hsencfs"
| #define PACKAGE_TARNAME "hsencfs"
| #define PACKAGE_VERSION "1.20"
| #define PACKAGE_STRING "hsencfs 1.20"
| #define PACKAGE_BUGREPORT "bugs@nohost.none"
| #define PACKAGE_URL ""
| #define STDC_HEADERS 1
| #define HAVE_SYS_TYPES_H 1
| #define HAVE_SYS_STAT_H 1
| #define HAVE_STDLIB_H 1
| #define HAVE_STRING_H 1
| #define HAVE_MEMORY_H 1
| #define HAVE_STRINGS_H 1
| #define HAVE_INTTYPES_H 1
| #define HAVE_STDINT_H 1
| #define HAVE_UNISTD_H 1
| #define HAVE_LIBFUSE 1
| #define HAVE_LIBULOCKMGR 1
| #define HAVE_FCNTL_H 1
| #define HAVE_LIMITS_H 1
| #define HAVE_STDLIB_H 1
| #define HAVE_STRING_H 1
| #define HAVE_SYS_TIME_H 1
| #define HAVE_SYSLOG_H 1
| #define HAVE_UNISTD_H 1
| /* end confdefs.h.  */
| #include <stdio.h>
| #ifdef HAVE_SYS_TYPES_H
| # include <sys/types.h>
| #endif
| #ifdef HAVE_SYS_STAT_H
| # include <sys/stat.h>
| #endif
| #ifdef STDC_HEADERS
| # include <stdlib.h>
| # include <stddef.h>
| #else
| # ifdef HAVE_STDLIB_H
| #  include <stdlib.h>
| # endif
| #endif
| #ifdef HAVE_STRING_H
| # if !defined STDC_HEADERS && defined HAVE_MEMORY_H
| #  include <memory.h>
| # endif
| # include <string.h>
| #endif
| #ifdef HAVE_STRINGS_H
| # include <strings.h>
| #endif
| #ifdef HAVE_INTTYPES_H
| # include <inttypes.h>
| #endif
| #ifdef HAVE_STDINT_H
| # include <stdint.h>
| #endif
| #ifdef HAVE_UNISTD_H
| # include <unistd.h>
| #endif
| int
| main ()
| {
| if (sizeof ((mode_t)))
| 	    return 0;
|   ;
|   return 0;
| }
configure:3759: result: yes
configure:3770: checking for off_t
configure:3770: gcc -c    -D_FILE_OFFSET_BITS=64 -DFUSE_USE_VERSION=26 -D__STDC_FORMAT_MACROS conftest.c >&5
configure:3770: $? = 0
configure:3770: gcc -c    -D_FILE_OFFSET_BITS=64 -DFUSE_USE_VERSION=26 -D__STDC_FORMAT_MACROS conftest.c >&5
conftest.c: In function 'main':
conftest.c:64:20: error: expected expression before ')' token
   64 | if (sizeof ((off_t)))
      |                    ^
configure:3770: $? = 1
configure: failed program was:
| /* confdefs.h */
| #define PACKAGE_NAME "hsencfs"
| #define PACKAGE_TARNAME "hsencfs"
| #define PACKAGE_VERSION "1.20"
| #define PACKAGE_STRING "hsencfs 1.20"
| #define PACKAGE_BUGREPORT "bugs@nohost.none"
| #define PACKAGE_URL ""
| #define STDC_HEADERS 1
| #define HAVE_SYS_TYPES_H 1
| #define HAVE_SYS_STAT_H 1
| #define HAVE_STDLIB_H 1
| #define HAVE_STRING_H 1
| #define HAVE_MEMORY_H 1
| #define HAVE_STRINGS_H 1
| #define HAVE_INTTYPES_H 1
| #define HAVE_STDINT_H 1
| #define HAVE_UNISTD_H 1
| #define HAVE_LIBFUSE 1
| #define HAVE_LIBULOCKMGR 1
| #define HAVE_FCNTL_H 1
| #define HAVE_LIMITS_H 1
| #define HAVE_STDLIB_H 1
| #define HAVE_STRING_H 1
| #define HAVE_SYS_TIME_H 1
| #define HAVE_SYSLOG_H 1
| #define HAVE_UNISTD_H 1
| /* end confdefs.h.  */
| #include <stdio.h>
| #ifdef HAVE_SYS_TYPES_H
| # include <sys/types.h>
| #endif
| #ifdef HAVE_SYS_STAT_H
| # include <sys/stat.h>
| #endif
| #ifdef STDC_HEADERS
| # include <stdlib.h>
| # include <stddef.h>
| #else
| # ifdef HAVE_STDLIB_H
| #  include <stdlib.h>
| # endif
| #endif
| #ifdef HAVE_STRING_H
| # if !defined STDC_HEADERS && defined HAVE_MEMORY_H
| #  include <memory.h>
| # endif
| # include <string.h>
| #endif
| #ifdef HAVE_STRINGS_H
| # include <strings.h>
| #endif
| #ifdef HAVE_INTTYPES_H
| # include <inttypes.h>
| #endif
| #ifdef HAVE_STDINT_H
| # include <stdint.h>
| #endif
| #ifdef HAVE_UNISTD_H
| # include <unistd.h>
| #endif
| int
| main ()
| {
| if (sizeof ((off_t)))
| 	    return 0;
|   ;
|   return 0;
| }
configure:3770: result: yes
configure:3781: checking for pid_t
configure:3781: gcc -c    -D_FILE_OFFSET_BITS=64 -DFUSE_USE_VERSION=26 -D__STDC_FORMAT_MACROS conftest.c >&5
configure:3781: $? = 0
configure:3781: gcc -c    -D_FILE_OFFSET_BITS=64 -DFUSE_USE_VERSION=26 -D__STDC_FORMAT_MACROS conftest.c >&5
conftest.c: In function 'main':
conftest.c:64:20: error: expected expression before ')' token
   64 | if (sizeof ((pid_t)))
      |                    ^
configure:3781: $? = 1
configure: failed program was:
| /* confdefs.h */
| #define PACKAGE_NAME "hsencfs"
| #define PACKAGE_TARNAME "hsencfs"
| #define PACKAGE_VERSION "1.20"
| #define PACKAGE_STRING "hsencfs 1.20"
| #define PACKAGE_BUGREPORT "bugs@nohost.none"
| #define PACKAGE_URL ""
| #define STDC_HEADERS 1
| #define HAVE_SYS_TYPES_H 1
| #define HAVE_SYS_STAT_H 1
| #define HAVE_STDLIB_H 1
| #define HAVE_STRING_H 1
| #define HAVE_MEMORY_H 1
| #define HAVE_STRINGS_H 1
| #define HAVE_INTTYPES_H 1
| #define HAVE_STDINT_H 1
| #define HAVE_UNISTD_H 1
| #define HAVE_LIBFUSE 1
| #define HAVE_LIBULOCKMGR 1
| #define HAVE_FCNTL_H 1
| #define HAVE_LIMITS_H 1
| #define HAVE_STDLIB_H 1
| #define HAVE_STRING_H 1
| #define HAVE_SYS_TIME_H 1
| #define HAVE_SYSLOG_H 1
| #define HAVE_UNISTD_H 1
| /* end confdefs.h.  */
| #include <stdio.h>
| #ifdef HAVE_SYS_TYPES_H
| # include <sys/types.h>
| #endif
| #ifdef HAVE_SYS_STAT_H
| # include <sys/stat.h>
| #endif
| #ifdef STDC_HEADERS
| # include <stdlib.h>
| # include <stddef.h>
| #else
| # ifdef HAVE_STDLIB_H
| #  include <stdlib.h>
| # endif
| #endif
| #ifdef HAVE_STRING_H
| # if !defined STDC_HEADERS && defined HAVE_MEMORY_H
| #  include <memory.h>
| # endif
| # include <string.h>
| #endif
| #ifdef HAVE_STRINGS_H
| # include <strings.h>
| #endif
| #ifdef HAVE_INTTYPES_H
| # include <inttypes.h>
| #endif
| #ifdef HAVE_STDINT_H
| # include <stdint.h>
| #endif
| #ifdef HAVE_UNISTD_H
| # include <unistd.h>
| #endif
| int
| main ()
| {
| if (sizeof ((pid_t)))
| 	    return 0;
|   ;
|   return 0;
| }
configure:3781: result: yes
configure:3792: checking for size_t
configure:3792: gcc -c    -D_FILE_OFFSET_BITS=64 -DFUSE_USE_VERSION=26 -D__STDC_FORMAT_MACROS conftest.c >&5
configure:3792: $? = 0
configure:3792: gcc -c    -D_FILE_OFFSET_BITS=64 -DFUSE_USE_VERSION=26 -D__STDC_FORMAT_MACROS conftest.c >&5
conftest.c: In function 'main':
conftest.c:64:21: error: expected expression before ')' token
   64 | if (sizeof ((size_t)))
      |                     ^
configure:3792: $? = 1
configure: failed program was:
| /* confdefs.h */
| #define PACKAGE_NAME "hsencfs"
| #define PACKAGE_TARNAME "hsencfs"
| #define PACKAGE_VERSION "1.20"
| #define PACKAGE_STRING "hsencfs 1.20"
| #define PACKAGE_BUGREPORT "bugs@nohost.none"
| #define PACKAGE_URL ""
| #define STDC_HEADERS 1
| #define HAVE_SYS_TYPES_H 1
| #define HAVE_SYS_STAT_H 1
| #define HAVE_STDLIB_H 1
| #define HAVE_STRING_H 1
| #define HAVE_MEMORY_H 1
| #define HAVE_STRINGS_H 1
| #define HAVE_INTTYPES_H 1
| #define HAVE_STDINT_H 1
| #define HAVE_UNISTD_H 1
| #define HAVE_LIBFUSE 1
| #define HAVE_LIBULOCKMGR 1
| #define HAVE_FCNTL_H 1
| #define HAVE_LIMITS_H 1
| #define HAVE_STDLIB_H 1
| #define HAVE_STRING_H 1
| #define HAVE_SYS_TIME_H 1
| #define HAVE_SYSLOG_H 1
| #define HAVE_UNISTD_H 1
| /* end confdefs.h.  */
| #include <stdio.h>
| #ifdef HAVE_SYS_TYPES_H
| # include <sys/types.h>
| #endif
| #ifdef HAVE_SYS_STAT_H
| # include <sys/stat.h>
| #endif
| #ifdef STDC_HEADERS
| # include <stdlib.h>
| # include <stddef.h>
| #else
| # ifdef HAVE_STDLIB_H
| #  include <stdlib.h>
| # endif
| #endif
| #ifdef HAVE_STRING_H
| # if !defined STDC_HEADERS && defined HAVE_MEMORY_H
| #  include <memory.h>
| # endif
| # include <string.h>
| #endif
| #ifdef HAVE_STRINGS_H
| # include <strings.h>
| #endif
| #ifdef HAVE_INTTYPES_H
| # include <inttypes.h>
| #endif
| #ifdef HAVE_STDINT_H
| # include <stdint.h>
| #endif
| #ifdef HAVE_UNISTD_H
| # include <unistd.h>
| #endif
| int
| main ()
| {
| if (sizeof ((size_t)))
| 	    return 0;
|   ;
|   return 0;
| }
configure:3792: result: yes
configure:3803: checking for ssize_t
configure:3803: gcc -c    -D_FILE_OFFSET_BITS=64 -DFUSE_USE_VERSION=26 -D__STDC_FORMAT_MACROS conftest.c >&5
configure:3803: $? = 0
configure:3803: gcc -c    -D_FILE_OFFSET_BITS=64 -DFUSE_USE_VERSION=26 -D__STDC_FORMAT_MACROS conftest.c >&5
conftest.c: In function 'main':
conftest.c:64:22: error: expected expression before ')' token
   64 | if (sizeof ((ssize_t)))
      |                      ^
configure:3803: $? = 1
configure: failed program was:
| /* confdefs.h */
| #define PACKAGE_NAME "hsencfs"
| #define PACKAGE_TARNAME "hsencfs"
| #define PACKAGE_VERSION "1.20"
| #define PACKAGE_STRING "hsencfs 1.20"
| #define PACKAGE_BUGREPORT "bugs@nohost.none"
| #define PACKAGE_URL ""
| #define STDC_HEADERS 1
| #define HAVE_SYS_TYPES_H 1
| #define HAVE_SYS_STAT_H 1
| #define HAVE_STDLIB_H 1
| #define HAVE_STRING_H 1
| #define HAVE_MEMORY_H 1
| #define HAVE_STRINGS_H 1
| #define HAVE_INTTYPES_H 1
| #define HAVE_STDINT_H 1
| #define HAVE_UNISTD_H 1
| #define HAVE_LIBFUSE 1
| #define HAVE_LIBULOCKMGR 1
| #define HAVE_FCNTL_H 1
| #define HAVE_LIMITS_H 1
| #define HAVE_STDLIB_H 1
| #define HAVE_STRING_H 1
| #define HAVE_SYS_TIME_H 1
| #define HAVE_SYSLOG_H 1
| #define HAVE_UNISTD_H 1
| /* end confdefs.h.  */
| #include <stdio.h>
| #ifdef HAVE_SYS_TYPES_H
| # include <sys/types.h>
| #endif
| #ifdef HAVE_SYS_STAT_H
| # include <sys/stat.h>
| #endif
| #ifdef STDC_HEADERS
| # include <stdlib.h>
| # include <stddef.h>
| #else
| # ifdef HAVE_STDLIB_H
| #  include <stdlib.h>
| # endif
| #endif
| #ifdef HAVE_STRING_H
| # if !defined STDC_HEADERS && defined HAVE_MEMORY_H
| #  include <memory.h>
| # endif
| # include <string.h>
| #endif
| #ifdef HAVE_STRINGS_H
| # include <strings.h>
| #endif
| #ifdef HAVE_INTTYPES_H
| # include <inttypes.h>
| #endif
| #ifdef HAVE_STDINT_H
| # include <stdint.h>
| #endif
| #ifdef HAVE_UNISTD_H
| # include <unistd.h>
| #endif
| int
| main ()
| {
| if (sizeof ((ssize_t)))
| 	    return 0;
|   ;
|   return 0;
| }
configure:3803: result: yes
configure:3814: checking for struct stat.st_blksize
configure:3814: gcc -c    -D_FILE_OFFSET_BITS=64 -DFUSE_USE_VERSION=26 -D__STDC_FORMAT_MACROS conftest.c >&5
configure:3814: $? = 0
configure:3814: result: yes
configure:3826: checking for error_at_line
configure:3842: gcc -o conftest    -D_FILE_OFFSET_BITS=64 -DFUSE_USE_VERSION=26 -D__STDC_FORMAT_MACROS    conftest.c -lulockmgr -lfuse  >&5
configure:3842: $? = 0
configure:3850: result: yes
configure:3863: checking vfork.h usability
configure:3863: gcc -c    -D_FILE_OFFSET_BITS=64 -DFUSE_USE_VERSION=26 -D__STDC_FORMAT_MACROS conftest.c >&5
conftest.c:62:10: fatal error: vfork.h: No such file or directory
   62 | #include <vfork.h>
      |          ^~~~~~~~~
compilation terminated.
configure:3863: $? = 1
configure: failed program was:
| /* confdefs.h */
| #define PACKAGE_NAME "hsencfs"
| #define PACKAGE_TARNAME "hsencfs"
| #define PACKAGE_VERSION "1.20"
| #define PACKAGE_STRING "hsencfs 1.20"
| #define PACKAGE_BUGREPORT "bugs@nohost.none"
| #define PACKAGE_URL ""
| #define STDC_HEADERS 1
| #define HAVE_SYS_TYPES_H 1
| #define HAVE_SYS_STAT_H 1
| #define HAVE_STDLIB_H 1
| #define HAVE_STRING_H 1
| #define HAVE_MEMORY_H 1
| #define HAVE_STRINGS_H 1
| #define HAVE_INTTYPES_H 1
| #define HAVE_STDINT_H 1
| #define HAVE_UNISTD_H 1
| #define HAVE_LIBFUSE 1
| #define HAVE_LIBULOCKMGR 1
| #define HAVE_FCNTL_H 1
| #define HAVE_LIMITS_H 1
| #define HAVE_STDLIB_H 1
| #define HAVE_STRING_H 1
| #define HAVE_SYS_TIME_H 1
| #define HAVE_SYSLOG_H 1
| #define HAVE_UNISTD_H 1
| #define HAVE_STRUCT_STAT_ST_BLKSIZE 1
| /* end confdefs.h.  */
| #include <stdio.h>
| #ifdef HAVE_SYS_TYPES_H
| # include <sys/types.h>
| #endif
| #ifdef HAVE_SYS_STAT_H
| # include <sys/stat.h>
| #endif
| #ifdef STDC_HEADERS
| # include <stdlib.h>
| # include <stddef.h>
| #else
| # ifdef HAVE_STDLIB_H
| #  include <stdlib.h>
| # endif
| #endif
| #ifdef HAVE_STRING_H
| # if !defined STDC_HEADERS && defined HAVE_MEMORY_H
| #  include <memory.h>
| # endif
| # include <string.h>
| #endif
| #ifdef HAVE_STRINGS_H
| # include <strings.h>
| #endif
| #ifdef HAVE_INTTYPES_H
| # include <inttypes.h>
| #endif
| #ifdef HAVE_STDINT_H
| # include <stdint.h>
| #endif
| #ifdef HAVE_UNISTD_H
| # include <unistd.h>
| #endif
| #include <vfork.h>
configure:3863: result: no
configure:3863: checking vfork.h presence
configure:3863: gcc -E   -D_FILE_OFFSET_BITS=64 -DFUSE_USE_VERSION=26 -D__STDC_FORMAT_MACROS conftest.c
conftest.c:29:10: fatal error: vfork.h: No such file or directory
   29 | #include <vfork.h>
      |          ^~~~~~~~~
compilation terminated.
configure:3863: $? = 1
configure: failed program was:
| /* confdefs.h */
| #define PACKAGE_NAME "hsencfs"
| #define PACKAGE_TARNAME "hsencfs"
| #define PACKAGE_VERSION "1.20"
| #define PACKAGE_STRING "hsencfs 1.20"
| #define PACKAGE_BUGREPORT "bugs@nohost.none"
| #define PACKAGE_URL ""
| #define STDC_HEADERS 1
| #define HAVE_SYS_TYPES_H 1
| #define HAVE_SYS_STAT_H 1
| #define HAVE_STDLIB_H 1
| #define HAVE_STRING_H 1
| #define HAVE_MEMORY_H 1
| #define HAVE_STRINGS_H 1
| #define HAVE_INTTYPES_H 1
| #define HAVE_STDINT_H 1
| #define HAVE_UNISTD_H 1
| #define HAVE_LIBFUSE 1
| #define HAVE_LIBULOCKMGR 1
| #define HAVE_FCNTL_H 1
| #define HAVE_LIMITS_H 1
| #define HAVE_STDLIB_H 1
| #define HAVE_STRING_H 1
| #define HAVE_SYS_TIME_H 1
| #define HAVE_SYSLOG_H 1
| #define HAVE_UNISTD_H 1
| #define HAVE_STRUCT_STAT_ST_BLKSIZE 1
| /* end confdefs.h.  */
| #include <vfork.h>
configure:3863: result: no
configure:3863: checking for vfork.h
configure:3863: result: no
configure:3876: checking for fork
configure:3876: gcc -o conftest    -D_FILE_OFFSET_BITS=64 -DFUSE_USE_VERSION=26 -D__STDC_FORMAT_MACROS    conftest.c -lulockmgr -lfuse  >&5
conftest.c:52:6: warning: conflicting types for built-in function 'fork'; expected 'int(void)' [-Wbuiltin-declaration-mismatch]
   52 | char fork ();
      |      ^~~~
configure:3876: $? = 0
configure:3876: result: yes
configure:3876: checking for vfork
configure:3876: gcc -o conftest    -D_FILE_OFFSET_BITS=64 -DFUSE_USE_VERSION=26 -D__STDC_FORMAT_MACROS    conftest.c -lulockmgr -lfuse  >&5
configure:3876: $? = 0
configure:3876: result: yes
configure:3886: checking for working fork
configure:3908: gcc -o conftest    -D_FILE_OFFSET_BITS=64 -DFUSE_USE_VERSION=26 -D__STDC_FORMAT_MACROS    conftest.c -lulockmgr -lfuse  >&5
configure:3908: $? = 0
configure:3908: ./conftest
configure:3908: $? = 0
configure:3918: result: yes
configure:3939: checking for working vfork
configure:4049: result: yes
configure:4074: checking whether lstat correctly handles trailing slash
configure:4100: gcc -o conftest    -D_FILE_OFFSET_BITS=64 -DFUSE_USE_VERSION=26 -D__STDC_FORMAT_MACROS    conftest.c -lulockmgr -lfuse  >&5
configure:4100: $? = 0
configure:4100: ./conftest
configure:4100: $? = 0
configure:4117: result: yes
configure:4138: checking for stdlib.h
configure:4138: result: yes
configure:4148: checking for GNU libc compatible malloc
configure:4172: gcc -o conftest    -D_FILE_OFFSET_BITS=64 -DFUSE_USE_VERSION=26 -D__STDC_FORMAT_MACROS    conftest.c -lulockmgr -lfuse  >&5
configure:4172: $? = 0
configure:4172: ./conftest
configure:4172: $? = 0
configure:4182: result: yes
configure:4206: checking for clock_gettime
configure:4206: gcc -o conftest    -D_FILE_OFFSET_BITS=64 -DFUSE_USE_VERSION=26 -D__STDC_FORMAT_MACROS    conftest.c -lulockmgr -lfuse  >&5
configure:4206: $? = 0
configure:4206: result: yes
configure:4206: checking for dup2
configure:4206: gcc -o conftest    -D_FILE_OFFSET_BITS=64 -DFUSE_USE_VERSION=26 -D__STDC_FORMAT_MACROS    conftest.c -lulockmgr -lfuse  >&5
configure:4206: $? = 0
configure:4206: result: yes
configure:4206: checking for fdatasync
configure:4206: gcc -o conftest    -D_FILE_OFFSET_BITS=64 -DFUSE_USE_VERSION=26 -D__STDC_FORMAT_MACROS    conftest.c -lulockmgr -lfuse  >&5
configure:4206: $? = 0
configure:4206: result: yes
configure:4206: checking for ftruncate
configure:4206: gcc -o conftest    -D_FILE_OFFSET_BITS=64 -DFUSE_USE_VERSION=26 -D__STDC_FORMAT_MACROS    conftest.c -lulockmgr -lfuse  >&5
configure:4206: $? = 0
configure:4206: result: yes
configure:4206: checking for getcwd
configure:4206: gcc -o conftest    -D_FILE_OFFSET_BITS=64 -DFUSE_USE_VERSION=26 -D__STDC_FORMAT_MACROS    conftest.c -lulockmgr -lfuse  >&5
configure:4206: $? = 0
configure:4206: result: yes
configure:4206: checking for getpass
configure:4206: gcc -o conftest    -D_FILE_OFFSET_BITS=64 -DFUSE_USE_VERSION=26 -D__STDC_FORMAT_MACROS    conftest.c -lulockmgr -lfuse  >&5
configure:4206: $? = 0
configure:4206: result: yes
configure:4206: checking for lchown
configure:4206: gcc -o conftest    -D_FILE_OFFSET_BITS=64 -DFUSE_USE_VERSION=26 -D__STDC_FORMAT_MACROS    conftest.c -lulockmgr -lfuse  >&5
configure:4206: $? = 0
configure:4206: result: yes
configure:4206: checking for memset
configure:4206: gcc -o conftest    -D_FILE_OFFSET_BITS=64 -DFUSE_USE_VERSION=26 -D__STDC_FORMAT_MACROS    conftest.c -lulockmgr -lfuse  >&5
conftest.c:66:6: warning: conflicting types for built-in function 'memset'; expected 'void *(void *, int,  long unsigned int)' [-Wbuiltin-declaration-mismatch]
   66 | char memset ();
      |      ^~~~~~
conftest.c:54:1: note: 'memset' is declared in header '<string.h>'
   53 | # include <limits.h>
   54 | #else
configure:4206: $? = 0
configure:4206: result: yes
configure:4206: checking for mkdir
configure:4206: gcc -o conftest    -D_FILE_OFFSET_BITS=64 -DFUSE_USE_VERSION=26 -D__STDC_FORMAT_MACROS    conftest.c -lulockmgr -lfuse  >&5
configure:4206: $? = 0
configure:4206: result: yes
configure:4206: checking for mkfifo
configure:4206: gcc -o conftest    -D_FILE_OFFSET_BITS=64 -DFUSE_USE_VERSION=26 -D__STDC_FORMAT_MACROS    conftest.c -lulockmgr -lfuse  >&5
configure:4206: $? = 0
configure:4206: result: yes
configure:4206: checking for rmdir
configure:4206: gcc -o conftest    -D_FILE_OFFSET_BITS=64 -DFUSE_USE_VERSION=26 -D__STDC_FORMAT_MACROS    conftest.c -lulockmgr -lfuse  >&5
configure:4206: $? = 0
configure:4206: result: yes
configure:4206: checking for strstr
configure:4206: gcc -o conftest    -D_FILE_OFFSET_BITS=64 -DFUSE_USE_VERSION=26 -D__STDC_FORMAT_MACROS    conftest.c -lulockmgr -lfuse  >&5
conftest.c:70:6: warning: conflicting types for built-in function 'strstr'; expected 'char *(const char *, const char *)' [-Wbuiltin-declaration-mismatch]
   70 | char strstr ();
      |      ^~~~~~
conftest.c:58:1: note: 'strstr' is declared in header '<string.h>'
   57 | # include <limits.h>
   58 | #else
configure:4206: $? = 0
configure:4206: result: yes
configure:4206: checking for strtol
configure:4206: gcc -o conftest    -D_FILE_OFFSET_BITS=64 -DFUSE_USE_VERSION=26 -D__STDC_FORMAT_MACROS    conftest.c -lulockmgr -lfuse  >&5
configure:4206: $? = 0
configure:4206: result: yes
configure:4324: creating ./config.status

## ---------------- ##
## Cache variables. ##
## ---------------- ##

ac_cv_c_compiler_gnu=yes
ac_cv_c_inline=inline
ac_cv_env_CC_set=
ac_cv_env_CC_value=
ac_cv_env_CFLAGS_set=
ac_cv_env_CFLAGS_value=
ac_cv_env_CPPFLAGS_set=
ac_cv_env_CPPFLAGS_value=
ac_cv_env_CPP_set=
ac_cv_env_CPP_value=
ac_cv_env_LDFLAGS_set=
ac_cv_env_LDFLAGS_value=
ac_cv_env_LIBS_set=
ac_cv_env_LIBS_value=
ac_cv_env_build_alias_set=
ac_cv_env_build_alias_value=
ac_cv_env_host_alias_set=
ac_cv_env_host_alias_value=
ac_cv_env_target_alias_set=
ac_cv_env_target_alias_value=
ac_cv_func_clock_gettime=yes
ac_cv_func_dup2=yes
ac_cv_func_fdatasync=yes
ac_cv_func_fork=yes
ac_cv_func_fork_works=yes
ac_cv_func_ftruncate=yes
ac_cv_func_getcwd=yes
ac_cv_func_getpass=yes
ac_cv_func_lchown=yes
ac_cv_func_lstat_dereferences_slashed_symlink=yes
ac_cv_func_malloc_0_nonnull=yes
ac_cv_func_memset=yes
ac_cv_func_mkdir=yes
ac_cv_func_mkfifo=yes
ac_cv_func_rmdir=yes
ac_cv_func_strstr=yes
ac_cv_func_strtol=yes
ac_cv_func_vfork=yes
ac_cv_func_vfork_works=yes
ac_cv_header_fcntl_h=yes
ac_cv_header_fuse_h=yes
ac_cv_header_inttypes_h=yes
ac_cv_header_limits_h=yes
ac_cv_header_memory_h=yes
ac_cv_header_stdc=yes
ac_cv_header_stdint_h=yes
ac_cv_header_stdlib_h=yes
ac_cv_header_string_h=yes
ac_cv_header_strings_h=yes
ac_cv_header_sys_stat_h=yes
ac_cv_header_sys_time_h=yes
ac_cv_header_sys_types_h=yes
ac_cv_header_syslog_h=yes
ac_cv_header_unistd_h=yes
ac_cv_header_vfork_h=no
ac_cv_lib_error_at_line=yes
ac_cv_lib_fuse_fuse_main=yes
ac_cv_lib_fuse_fuse_new=yes
ac_cv_lib_fuse_ino64_fuse_new=no
ac_cv_lib_ulockmgr_main=yes
ac_cv_member_struct_stat_st_blksize=yes
ac_cv_objext=o
ac_cv_path_EGREP='/usr/bin/grep -E'
ac_cv_path_GREP=/usr/bin/grep
ac_cv_prog_AWK=gawk
ac_cv_prog_CPP='gcc -E'
ac_cv_prog_ac_ct_CC=gcc
ac_cv_prog_cc_c89=
ac_cv_prog_cc_g=yes
ac_cv_prog_make_make_set=yes
ac_cv_type_mode_t=yes
ac_cv_type_off_t=yes
ac_cv_type_pid_t=yes
ac_cv_type_size_t=yes
ac_cv_type_ssize_t=yes
ac_cv_type_uid_t=yes

## ----------------- ##
## Output variables. ##
## ----------------- ##

AWK='gawk'
CC='gcc'
CFLAGS=''
CPP='gcc -E'
CPPFLAGS='  -D_FILE_OFFSET_BITS=64 -DFUSE_USE_VERSION=26 -D__STDC_FORMAT_MACROS'
DEFS='-DHAVE_CONFIG_H'
ECHO_C=''
ECHO_N='-n'
ECHO_T=''
EGREP='/usr/bin/grep -E'
EXEEXT=''
GREP='/usr/bin/grep'
LDFLAGS='  '
LIBOBJS=''
LIBS='-lulockmgr -lfuse '
LTLIBOBJS=''
OBJEXT='o'
PACKAGE_BUGREPORT='bugs@nohost.none'
PACKAGE_NAME='hsencfs'
PACKAGE_STRING='hsencfs 1.20'
PACKAGE_TARNAME='hsencfs'
PACKAGE_URL=''
PACKAGE_VERSION='1.20'
PATH_SEPARATOR=':'
SET_MAKE=''
SHELL='/bin/sh'
ac_ct_CC='gcc'
bindir='${exec_prefix}/bin'
build_alias=''
datadir='${datarootdir}'
datarootdir='${prefix}/share'
docdir='${datarootdir}/doc/${PACKAGE_TARNAME}'
dvidir='${docdir}'
exec_prefix='${prefix}'
host_alias=''
htmldir='${docdir}'
includedir='${prefix}/include'
infodir='${datarootdir}/info'
libdir='${exec_prefix}/lib'
libexecdir='${exec_prefix}/libexec'
localedir='${datarootdir}/locale'
localstatedir='${prefix}/var'
mandir='${datarootdir}/man'
oldincludedir='/usr/include'
pdfdir='${docdir}'
prefix='/usr/local'
program_transform_name='s,x,x,'
psdir='${docdir}'
sbindir='${exec_prefix}/sbin'
sharedstatedir='${prefix}/com'
subdirs=' src tools'
sysconfdir='${prefix}/etc'
target_alias=''

## ----------- ##
## confdefs.h. ##
## ----------- ##

/* confdefs.h */
#define PACKAGE_NAME "hsencfs"
#define PACKAGE_TARNAME "hsencfs"
#define PACKAGE_VERSION "1.20"
#define PACKAGE_STRING "hsencfs 1.20"
#define PACKAGE_BUGREPORT "bugs@nohost.none"
#define PACKAGE_URL ""
#define STDC_HEADERS 1
#define HAVE_SYS_TYPES_H 1
#define HAVE_SYS_STAT_H 1
#define HAVE_STDLIB_H 1
#define HAVE_STRING_H 1
#define HAVE_MEMORY_H 1
#define HAVE_STRINGS_H 1
#define HAVE_INTTYPES_H 1
#define HAVE_STDINT_H 1
#define HAVE_UNISTD_H 1
#define HAVE_LIBFUSE 1
#define HAVE_LIBULOCKMGR 1
#define HAVE_FCNTL_H 1
#define HAVE_LIMITS_H 1
#define HAVE_STDLIB_H 1
#define HAVE_STRING_H 1
#define HAVE_SYS_TIME_H 1
#define HAVE_SYSLOG_H 1
#define HAVE_UNISTD_H 1
#define HAVE_STRUCT_STAT_ST_BLKSIZE 1
#define HAVE_FORK 1
#define HAVE_VFORK 1
#define HAVE_WORKING_VFORK 1
#define HAVE_WORKING_FORK 1
#define LSTAT_FOLLOWS_SLASHED_SYMLINK 1
#define HAVE_STDLIB_H 1
#define HAVE_MALLOC 1
#define HAVE_CLOCK_GETTIME 1
#define HAVE_DUP2 1
#define HAVE_FDATASYNC 1
#define HAVE_FTRUNCATE 1
#define HAVE_GETCWD 1
#define HAVE_GETPASS 1
#define HAVE_LCHOWN 1
#define HAVE_MEMSET 1
#define HAVE_MKDIR 1
#define HAVE_MKFIFO 1
#define HAVE_RMDIR 1
#define HAVE_STRSTR 1
#define HAVE_STRTOL 1

configure: exit 0

## ---------------------- ##
## Running config.status. ##
## ---------------------- ##

This file was extended by hsencfs config.status 1.20, which was
generated by GNU Autoconf 2.69.  Invocation command line was

  CONFIG_FILES    = 
  CONFIG_HEADERS  = 
  CONFIG_LINKS    = 
  CONFIG_COMMANDS = 
  $ ./config.status 

on localhost.localdomain

config.status:830: creating Makefile
config.status:830: creating bluepoint/Makefile
config.status:830: creating tools/Makefile
config.status:830: creating docs/Makefile
config.status:830: creating config.h
config.status:985: config.h is unchanged

## ---------------------- ##
## Running config.status. ##
## ---------------------- ##

This file was extended by hsencfs config.status 1.20, which was
generated by GNU Autoconf 2.69.  Invocation command line was

  CONFIG_FILES    = 
  CONFIG_HEADERS  = 
  CONFIG_LINKS    = 
  CONFIG_COMMANDS = 
  $ ./config.status config.h

on localhost.localdomain

config.status:830: creating config.h
config.status:985: config.h is unchanged

## ---------------------- ##
## Running config.status. ##
## ---------------------- ##

This file was extended by hsencfs config.status 1.20, which was
generated by GNU Autoconf 2.69.  Invocation command line was

  CONFIG_FILES    = 
  CONFIG_HEADERS  = 
  CONFIG_LINKS    = 
  CONFIG_COMMANDS = 
  $ ./config.status Makefile

on localhost.localdomain

config.status:830: creating Makefile

## ---------------------- ##
## Running config.status. ##
## ---------------------- ##

This file was extended by hsencfs config.status 1.20, which was
generated by GNU Autoconf 2.69.  Invocation command line was

  CONFIG_FILES    = 
  CONFIG_HEADERS  = 
  CONFIG_LINKS    = 
  CONFIG_COMMANDS = 
  $ ./config.status Makefile

on localhost.localdomain

config.status:830: creating Makefile
